<?xml version="1.0" encoding="UTF-8" ?>
<testsuite tests="4" failures="0" name="org.symphonyoss.helpdesk.utils.CallCacheTest" time="0.067" errors="1" skipped="0">
  <properties>
[...]
</properties>
  <testcase classname="org.symphonyoss.helpdesk.utils.CallCacheTest" name="testEndCall" time="0"/>
  <testcase classname="org.symphonyoss.helpdesk.utils.CallCacheTest" name="testRemoveCall" time="0.001"/>
  <testcase classname="org.symphonyoss.helpdesk.utils.CallCacheTest" name="testCheckCallInactivity" time="0.001"/>
  <testcase classname="org.symphonyoss.helpdesk.utils.CallCacheTest" name="testNewCall" time="0.065">
    <error type="java.lang.ExceptionInInitializerError">java.lang.ExceptionInInitializerError
	at org.symphonyoss.helpdesk.listeners.command.CallCommandListener.init(CallCommandListener.java:30)
	at org.symphonyoss.helpdesk.listeners.command.CallCommandListener.&lt;init&gt;(CallCommandListener.java:26)
	at org.symphonyoss.helpdesk.models.Call.constructCall(Call.java:64)
	at org.symphonyoss.helpdesk.models.Call.&lt;init&gt;(Call.java:51)
	at org.symphonyoss.helpdesk.utils.CallCache.newCall(CallCache.java:25)
	at org.symphonyoss.helpdesk.utils.CallCacheTest.testNewCall(CallCacheTest.java:17)
	at sun.reflect.NativeMethodAccessorImpl.invoke0(Native Method)
	at sun.reflect.NativeMethodAccessorImpl.invoke(NativeMethodAccessorImpl.java:62)
	at sun.reflect.DelegatingMethodAccessorImpl.invoke(DelegatingMethodAccessorImpl.java:43)
	at java.lang.reflect.Method.invoke(Method.java:498)
	at org.junit.runners.model.FrameworkMethod$1.runReflectiveCall(FrameworkMethod.java:50)
	at org.junit.internal.runners.model.ReflectiveCallable.run(ReflectiveCallable.java:12)
	at org.junit.runners.model.FrameworkMethod.invokeExplosively(FrameworkMethod.java:47)
	at org.junit.internal.runners.statements.InvokeMethod.evaluate(InvokeMethod.java:17)
	at org.junit.runners.ParentRunner.runLeaf(ParentRunner.java:325)
	at org.junit.runners.BlockJUnit4ClassRunner.runChild(BlockJUnit4ClassRunner.java:78)
	at org.junit.runners.BlockJUnit4ClassRunner.runChild(BlockJUnit4ClassRunner.java:57)
	at org.junit.runners.ParentRunner$3.run(ParentRunner.java:290)
	at org.junit.runners.ParentRunner$1.schedule(ParentRunner.java:71)
	at org.junit.runners.ParentRunner.runChildren(ParentRunner.java:288)
	at org.junit.runners.ParentRunner.access$000(ParentRunner.java:58)
	at org.junit.runners.ParentRunner$2.evaluate(ParentRunner.java:268)
	at org.junit.runners.ParentRunner.run(ParentRunner.java:363)
	at org.apache.maven.surefire.junit4.JUnit4Provider.execute(JUnit4Provider.java:252)
	at org.apache.maven.surefire.junit4.JUnit4Provider.executeTestSet(JUnit4Provider.java:141)
	at org.apache.maven.surefire.junit4.JUnit4Provider.invoke(JUnit4Provider.java:112)
	at sun.reflect.NativeMethodAccessorImpl.invoke0(Native Method)
	at sun.reflect.NativeMethodAccessorImpl.invoke(NativeMethodAccessorImpl.java:62)
	at sun.reflect.DelegatingMethodAccessorImpl.invoke(DelegatingMethodAccessorImpl.java:43)
	at java.lang.reflect.Method.invoke(Method.java:498)
	at org.apache.maven.surefire.util.ReflectionUtils.invokeMethodWithArray(ReflectionUtils.java:189)
	at org.apache.maven.surefire.booter.ProviderFactory$ProviderProxy.invoke(ProviderFactory.java:165)
	at org.apache.maven.surefire.booter.ProviderFactory.invokeProvider(ProviderFactory.java:85)
	at org.apache.maven.surefire.booter.ForkedBooter.runSuitesInProcess(ForkedBooter.java:115)
	at org.apache.maven.surefire.booter.ForkedBooter.main(ForkedBooter.java:75)
Caused by: java.lang.NullPointerException
	at org.symphonyoss.helpdesk.config.HelpBotConfig.init(HelpBotConfig.java:117)
	at org.symphonyoss.helpdesk.config.HelpBotConfig.&lt;clinit&gt;(HelpBotConfig.java:94)
	... 35 more
</error>
    <system-out>2016-06-23 17:25:24 INFO  HelpBotConfig:81 - Using helpbot.properties file location: config/helpbot.properties
2016-06-23 17:25:24 DEBUG ConfigurationUtils:447 - ConfigurationUtils.locate(): base is null, name is config/helpbot.properties
2016-06-23 17:25:24 ERROR HelpBotConfig:88 - Configuration Init Exception: 
org.apache.commons.configuration.ConfigurationException: Cannot locate configuration source config/helpbot.properties
	at org.apache.commons.configuration.AbstractFileConfiguration.load(AbstractFileConfiguration.java:217)
	at org.apache.commons.configuration.AbstractFileConfiguration.load(AbstractFileConfiguration.java:197)
	at org.apache.commons.configuration.AbstractFileConfiguration.&lt;init&gt;(AbstractFileConfiguration.java:142)
	at org.apache.commons.configuration.PropertiesConfiguration.&lt;init&gt;(PropertiesConfiguration.java:237)
	at org.symphonyoss.helpdesk.config.HelpBotConfig.&lt;clinit&gt;(HelpBotConfig.java:83)
	at org.symphonyoss.helpdesk.listeners.command.CallCommandListener.init(CallCommandListener.java:30)
	at org.symphonyoss.helpdesk.listeners.command.CallCommandListener.&lt;init&gt;(CallCommandListener.java:26)
	at org.symphonyoss.helpdesk.models.Call.constructCall(Call.java:64)
	at org.symphonyoss.helpdesk.models.Call.&lt;init&gt;(Call.java:51)
	at org.symphonyoss.helpdesk.utils.CallCache.newCall(CallCache.java:25)
	at org.symphonyoss.helpdesk.utils.CallCacheTest.testNewCall(CallCacheTest.java:17)
	at sun.reflect.NativeMethodAccessorImpl.invoke0(Native Method)
	at sun.reflect.NativeMethodAccessorImpl.invoke(NativeMethodAccessorImpl.java:62)
	at sun.reflect.DelegatingMethodAccessorImpl.invoke(DelegatingMethodAccessorImpl.java:43)
	at java.lang.reflect.Method.invoke(Method.java:498)
	at org.junit.runners.model.FrameworkMethod$1.runReflectiveCall(FrameworkMethod.java:50)
	at org.junit.internal.runners.model.ReflectiveCallable.run(ReflectiveCallable.java:12)
	at org.junit.runners.model.FrameworkMethod.invokeExplosively(FrameworkMethod.java:47)
	at org.junit.internal.runners.statements.InvokeMethod.evaluate(InvokeMethod.java:17)
	at org.junit.runners.ParentRunner.runLeaf(ParentRunner.java:325)
	at org.junit.runners.BlockJUnit4ClassRunner.runChild(BlockJUnit4ClassRunner.java:78)
	at org.junit.runners.BlockJUnit4ClassRunner.runChild(BlockJUnit4ClassRunner.java:57)
	at org.junit.runners.ParentRunner$3.run(ParentRunner.java:290)
	at org.junit.runners.ParentRunner$1.schedule(ParentRunner.java:71)
	at org.junit.runners.ParentRunner.runChildren(ParentRunner.java:288)
	at org.junit.runners.ParentRunner.access$000(ParentRunner.java:58)
	at org.junit.runners.ParentRunner$2.evaluate(ParentRunner.java:268)
	at org.junit.runners.ParentRunner.run(ParentRunner.java:363)
	at org.apache.maven.surefire.junit4.JUnit4Provider.execute(JUnit4Provider.java:252)
	at org.apache.maven.surefire.junit4.JUnit4Provider.executeTestSet(JUnit4Provider.java:141)
	at org.apache.maven.surefire.junit4.JUnit4Provider.invoke(JUnit4Provider.java:112)
	at sun.reflect.NativeMethodAccessorImpl.invoke0(Native Method)
	at sun.reflect.NativeMethodAccessorImpl.invoke(NativeMethodAccessorImpl.java:62)
	at sun.reflect.DelegatingMethodAccessorImpl.invoke(DelegatingMethodAccessorImpl.java:43)
	at java.lang.reflect.Method.invoke(Method.java:498)
	at org.apache.maven.surefire.util.ReflectionUtils.invokeMethodWithArray(ReflectionUtils.java:189)
	at org.apache.maven.surefire.booter.ProviderFactory$ProviderProxy.invoke(ProviderFactory.java:165)
	at org.apache.maven.surefire.booter.ProviderFactory.invokeProvider(ProviderFactory.java:85)
	at org.apache.maven.surefire.booter.ForkedBooter.runSuitesInProcess(ForkedBooter.java:115)
	at org.apache.maven.surefire.booter.ForkedBooter.main(ForkedBooter.java:75)
</system-out>
  </testcase>
</testsuite>